TN:
SF:/home/SpecialDES/Documents/LearnAPI/app.js
FN:21,(anonymous_0)
FN:31,(anonymous_1)
FNF:2
FNH:1
FNDA:3,(anonymous_0)
FNDA:0,(anonymous_1)
DA:1,1
DA:2,1
DA:3,1
DA:4,1
DA:5,1
DA:7,1
DA:9,1
DA:10,0
DA:12,1
DA:16,1
DA:17,1
DA:18,1
DA:19,0
DA:21,1
DA:22,3
DA:23,3
DA:27,1
DA:29,1
DA:30,1
DA:31,0
DA:32,0
DA:36,1
LF:22
LH:18
BRDA:9,0,0,0
BRDA:9,0,1,1
BRDA:18,1,0,0
BRDA:18,1,1,1
BRDA:29,2,0,1
BRDA:29,2,1,0
BRDA:30,3,0,0
BRDA:30,3,1,1
BRF:8
BRH:4
end_of_record
TN:
SF:/home/SpecialDES/Documents/LearnAPI/controllers/order.js
FNF:0
FNH:0
LF:0
LH:0
BRF:0
BRH:0
end_of_record
TN:
SF:/home/SpecialDES/Documents/LearnAPI/controllers/product.js
FN:5,(anonymous_0)
FN:7,(anonymous_1)
FN:13,(anonymous_2)
FN:26,(anonymous_3)
FN:44,(anonymous_4)
FN:52,(anonymous_5)
FNF:6
FNH:3
FNDA:1,(anonymous_0)
FNDA:1,(anonymous_1)
FNDA:2,(anonymous_2)
FNDA:0,(anonymous_3)
FNDA:0,(anonymous_4)
FNDA:0,(anonymous_5)
DA:1,1
DA:2,1
DA:4,1
DA:6,1
DA:7,1
DA:8,1
DA:14,2
DA:15,2
DA:16,0
DA:18,2
DA:19,2
DA:20,2
DA:21,1
DA:27,0
DA:36,0
DA:37,0
DA:38,0
DA:40,0
DA:42,0
DA:45,0
DA:46,0
DA:47,0
DA:49,0
DA:50,0
DA:53,0
DA:54,0
DA:55,0
DA:57,0
DA:58,0
LF:29
LH:12
BRDA:15,0,0,0
BRDA:15,0,1,2
BRDA:36,1,0,0
BRDA:36,1,1,0
BRDA:37,2,0,0
BRDA:37,2,1,0
BRDA:46,3,0,0
BRDA:46,3,1,0
BRDA:54,4,0,0
BRDA:54,4,1,0
BRF:10
BRH:1
end_of_record
TN:
SF:/home/SpecialDES/Documents/LearnAPI/controllers/user.js
FNF:0
FNH:0
LF:0
LH:0
BRF:0
BRH:0
end_of_record
TN:
SF:/home/SpecialDES/Documents/LearnAPI/models/order.js
FNF:0
FNH:0
DA:1,0
DA:3,0
DA:12,0
LF:3
LH:0
BRF:0
BRH:0
end_of_record
TN:
SF:/home/SpecialDES/Documents/LearnAPI/models/product.js
FNF:0
FNH:0
DA:1,1
DA:3,1
DA:10,1
LF:3
LH:3
BRF:0
BRH:0
end_of_record
TN:
SF:/home/SpecialDES/Documents/LearnAPI/models/user.js
FNF:0
FNH:0
DA:1,0
DA:3,0
DA:10,0
LF:3
LH:0
BRF:0
BRH:0
end_of_record
TN:
SF:/home/SpecialDES/Documents/LearnAPI/routes/product.js
FNF:0
FNH:0
DA:1,1
DA:2,1
DA:4,1
DA:8,1
DA:13,1
LF:5
LH:5
BRF:0
BRH:0
end_of_record
TN:
SF:/home/SpecialDES/Documents/LearnAPI/routes/user.js
FNF:0
FNH:0
LF:0
LH:0
BRF:0
BRH:0
end_of_record
